[debug] [2017-08-31T17:28:32.351Z] ----------------------------------------------------------------------
[debug] [2017-08-31T17:28:32.351Z] Command:       C:\Program Files\nodejs\node.exe C:\Users\aksha\AppData\Roaming\npm\node_modules\firebase-tools\bin\firebase deploy
[debug] [2017-08-31T17:28:32.351Z] CLI Version:   3.9.2
[debug] [2017-08-31T17:28:32.351Z] Platform:      win32
[debug] [2017-08-31T17:28:32.351Z] Node Version:  v6.11.2
[debug] [2017-08-31T17:28:32.351Z] Time:          Thu Aug 31 2017 13:28:32 GMT-0400 (Eastern Daylight Time)
[debug] [2017-08-31T17:28:32.351Z] ----------------------------------------------------------------------
[debug] 
[debug] [2017-08-31T17:28:32.367Z] > command requires scopes: ["email","openid","https://www.googleapis.com/auth/cloudplatformprojects.readonly","https://www.googleapis.com/auth/firebase","https://www.googleapis.com/auth/cloud-platform"]
[debug] [2017-08-31T17:28:32.367Z] > authorizing via signed-in user
[debug] [2017-08-31T17:28:32.367Z] > refreshing access token with scopes: ["email","https://www.googleapis.com/auth/cloud-platform","https://www.googleapis.com/auth/cloudplatformprojects.readonly","https://www.googleapis.com/auth/firebase","openid"]
[debug] [2017-08-31T17:28:32.367Z] >>> HTTP REQUEST POST https://www.googleapis.com/oauth2/v3/token { refresh_token: '1/cN_Pgopu2s-5c4ad0DrbKdCZEfmEOGCNUDDenTPkmaQMTwsu7qcHQCM6eAXKWe6H',
  client_id: '563584335869-fgrhgmd47bqnekij5i8b5pr03ho849e6.apps.googleusercontent.com',
  client_secret: 'j9iVZfS8kkCEFUPaAeJV0sAi',
  grant_type: 'refresh_token',
  scope: 'email https://www.googleapis.com/auth/cloud-platform https://www.googleapis.com/auth/cloudplatformprojects.readonly https://www.googleapis.com/auth/firebase openid' } 
 Thu Aug 31 2017 13:28:32 GMT-0400 (Eastern Daylight Time)
[debug] [2017-08-31T17:28:32.626Z] <<< HTTP RESPONSE 200
[debug] [2017-08-31T17:28:32.662Z] >>> HTTP REQUEST GET https://admin.firebase.com/v1/projects/uvalue-d7c36  
 Thu Aug 31 2017 13:28:32 GMT-0400 (Eastern Daylight Time)
[debug] [2017-08-31T17:28:33.024Z] <<< HTTP RESPONSE 200
[debug] [2017-08-31T17:28:33.024Z] >>> HTTP REQUEST GET https://admin.firebase.com/v1/database/uvalue-d7c36/tokens  
 Thu Aug 31 2017 13:28:33 GMT-0400 (Eastern Daylight Time)
[debug] [2017-08-31T17:28:33.428Z] <<< HTTP RESPONSE 200
